<?xml version="1.0" encoding="UTF-8"?>
<!-- Generated by org.testng.reporters.JUnitXMLReporter -->
<testsuite ignored="0" hostname="DESKTOP-5VRCL5O" failures="0" tests="2" name="Calculator Test" time="209.077" errors="0" timestamp="2026-05-24T00:08:57 IST">
  <testcase classname="Mini_Project.Calculator_Testing.Calculator_Operations" name="calculatorTest" time="49.633"/>
  <testcase classname="Mini_Project.Calculator_Testing.AgeCalculator" name="ageCalculatorTest" time="159.148"/>
</testsuite> <!-- Calculator Test -->
