<?xml version="1.0" encoding="UTF-8"?>
<testng-results ignored="0" total="2" passed="2" failed="0" skipped="0">
  <reporter-output>
  </reporter-output>
  <suite started-at="2026-05-24T00:05:28 IST" name="Suite" finished-at="2026-05-24T00:08:57 IST" duration-ms="209077">
    <groups>
    </groups>
    <test started-at="2026-05-24T00:05:28 IST" name="Calculator Test" finished-at="2026-05-24T00:08:57 IST" duration-ms="209077">
      <class name="Mini_Project.Calculator_Testing.Calculator_Operations">
        <test-method signature="calculatorTest()[pri:1, instance:Mini_Project.Calculator_Testing.Calculator_Operations@4afcd809]" started-at="2026-05-24T00:05:28 IST" name="calculatorTest" finished-at="2026-05-24T00:06:18 IST" duration-ms="49633" status="PASS">
          <reporter-output>
          </reporter-output>
        </test-method> <!-- calculatorTest -->
      </class> <!-- Mini_Project.Calculator_Testing.Calculator_Operations -->
      <class name="Mini_Project.Calculator_Testing.AgeCalculator">
        <test-method signature="ageCalculatorTest()[pri:2, instance:Mini_Project.Calculator_Testing.AgeCalculator@557caf28]" started-at="2026-05-24T00:06:18 IST" name="ageCalculatorTest" finished-at="2026-05-24T00:08:57 IST" duration-ms="159148" status="PASS">
          <reporter-output>
          </reporter-output>
        </test-method> <!-- ageCalculatorTest -->
      </class> <!-- Mini_Project.Calculator_Testing.AgeCalculator -->
    </test> <!-- Calculator Test -->
  </suite> <!-- Suite -->
</testng-results>
